<?xml version="1.0" encoding="UTF-8"?>
<testng-results ignored="0" total="2" passed="2" failed="0" skipped="0">
  <reporter-output>
    <line>
      <![CDATA[Test Failed successfully]]>
    </line>
    <line>
      <![CDATA[logged OUT successfully]]>
    </line>
    <line>
      <![CDATA[Test is passed successfully]]>
    </line>
    <line>
      <![CDATA[logged OUT successfully]]>
    </line>
  </reporter-output>
  <suite started-at="2022-02-20T22:06:33 IST" name="Suite" finished-at="2022-02-20T22:07:53 IST" duration-ms="79880">
    <groups>
    </groups>
    <test started-at="2022-02-20T22:06:33 IST" name="chromeTest" finished-at="2022-02-20T22:07:53 IST" duration-ms="79880">
      <class name="com.AppWeb.TestClass.TestIt">
        <test-method is-config="true" signature="TestNGMethod(java.lang.String)[pri:0, instance:com.AppWeb.TestClass.TestIt@71238fc2]" started-at="2022-02-20T22:06:33 IST" name="TestNGMethod" finished-at="2022-02-20T22:06:39 IST" duration-ms="6567" status="PASS">
          <params>
            <param index="0">
              <value>
                <![CDATA[chrome]]>
              </value>
            </param>
          </params>
          <reporter-output>
          </reporter-output>
        </test-method> <!-- TestNGMethod -->
        <test-method is-config="true" signature="BaselogIn()[pri:0, instance:com.AppWeb.TestClass.TestIt@71238fc2]" started-at="2022-02-20T22:06:39 IST" name="BaselogIn" finished-at="2022-02-20T22:07:08 IST" duration-ms="28393" status="PASS">
          <reporter-output>
          </reporter-output>
        </test-method> <!-- BaselogIn -->
        <test-method signature="AmazonPay()[pri:0, instance:com.AppWeb.TestClass.TestIt@71238fc2]" started-at="2022-02-20T22:07:08 IST" name="AmazonPay" finished-at="2022-02-20T22:07:11 IST" duration-ms="2946" status="PASS">
          <reporter-output>
            <line>
              <![CDATA[Test Failed successfully]]>
            </line>
          </reporter-output>
        </test-method> <!-- AmazonPay -->
        <test-method is-config="true" signature="BaselogOut()[pri:0, instance:com.AppWeb.TestClass.TestIt@71238fc2]" started-at="2022-02-20T22:07:11 IST" name="BaselogOut" finished-at="2022-02-20T22:07:13 IST" duration-ms="2707" status="PASS">
          <reporter-output>
            <line>
              <![CDATA[logged OUT successfully]]>
            </line>
          </reporter-output>
        </test-method> <!-- BaselogOut -->
        <test-method is-config="true" signature="CloseBrowser()[pri:0, instance:com.AppWeb.TestClass.TestIt@71238fc2]" started-at="2022-02-20T22:07:13 IST" name="CloseBrowser" finished-at="2022-02-20T22:07:14 IST" duration-ms="317" status="PASS">
          <reporter-output>
          </reporter-output>
        </test-method> <!-- CloseBrowser -->
      </class> <!-- com.AppWeb.TestClass.TestIt -->
      <class name="com.AppWeb.TestClass.TestIt2">
        <test-method is-config="true" signature="TestNGMethod(java.lang.String)[pri:0, instance:com.AppWeb.TestClass.TestIt2@156b88f5]" started-at="2022-02-20T22:07:14 IST" name="TestNGMethod" finished-at="2022-02-20T22:07:20 IST" duration-ms="5972" status="PASS">
          <params>
            <param index="0">
              <value>
                <![CDATA[chrome]]>
              </value>
            </param>
          </params>
          <reporter-output>
          </reporter-output>
        </test-method> <!-- TestNGMethod -->
        <test-method is-config="true" signature="BaselogIn()[pri:0, instance:com.AppWeb.TestClass.TestIt2@156b88f5]" started-at="2022-02-20T22:07:20 IST" name="BaselogIn" finished-at="2022-02-20T22:07:47 IST" duration-ms="27530" status="PASS">
          <reporter-output>
          </reporter-output>
        </test-method> <!-- BaselogIn -->
        <test-method signature="Fresh()[pri:0, instance:com.AppWeb.TestClass.TestIt2@156b88f5]" started-at="2022-02-20T22:07:47 IST" name="Fresh" finished-at="2022-02-20T22:07:50 IST" duration-ms="2847" status="PASS">
          <reporter-output>
            <line>
              <![CDATA[Test is passed successfully]]>
            </line>
          </reporter-output>
        </test-method> <!-- Fresh -->
        <test-method is-config="true" signature="BaselogOut()[pri:0, instance:com.AppWeb.TestClass.TestIt2@156b88f5]" started-at="2022-02-20T22:07:50 IST" name="BaselogOut" finished-at="2022-02-20T22:07:52 IST" duration-ms="2129" status="PASS">
          <reporter-output>
            <line>
              <![CDATA[logged OUT successfully]]>
            </line>
          </reporter-output>
        </test-method> <!-- BaselogOut -->
        <test-method is-config="true" signature="CloseBrowser()[pri:0, instance:com.AppWeb.TestClass.TestIt2@156b88f5]" started-at="2022-02-20T22:07:52 IST" name="CloseBrowser" finished-at="2022-02-20T22:07:53 IST" duration-ms="411" status="PASS">
          <reporter-output>
          </reporter-output>
        </test-method> <!-- CloseBrowser -->
      </class> <!-- com.AppWeb.TestClass.TestIt2 -->
    </test> <!-- chromeTest -->
  </suite> <!-- Suite -->
</testng-results>
